<?xml version="1.0" encoding="UTF-8"?>
<!-- Generated by org.testng.reporters.JUnitReportReporter -->
<testsuite hostname="Hendras-MacBook-Pro.local" failures="0" tests="2" name="testRunner.Runner" time="11.945" errors="0" timestamp="2024-02-12T15:53:03 WIB" skipped="0">
  <testcase classname="testRunner.Runner" name="runScenario" time="5.527"/>
  <testcase classname="testRunner.Runner" name="runScenario" time="6.418"/>
</testsuite> <!-- testRunner.Runner -->
