<?xml version="1.0" encoding="UTF-8"?>
<!-- Generated by org.testng.reporters.JUnitReportReporter -->
<testsuite hostname="Hendras-MacBook-Pro.local" failures="0" tests="2" name="selenium.AutomationTest.LoginTest" time="10.999" errors="0" timestamp="2024-02-10T00:05:56 WIB" skipped="0">
  <testcase classname="selenium.AutomationTest.LoginTest" name="Login" time="5.850"/>
  <testcase classname="selenium.AutomationTest.LoginTest" name="invalidLogin" time="5.149"/>
</testsuite> <!-- selenium.AutomationTest.LoginTest -->
