<?xml version="1.0" encoding="UTF-8"?>
<!-- Generated by org.testng.reporters.JUnitReportReporter -->
<testsuite hostname="Hendras-MacBook-Pro.local" failures="0" tests="2" name="testRunner.Runner" time="12.868" errors="0" timestamp="2024-02-11T23:55:05 WIB" skipped="0">
  <testcase classname="testRunner.Runner" name="runScenario" time="5.563"/>
  <testcase classname="testRunner.Runner" name="runScenario" time="7.305"/>
</testsuite> <!-- testRunner.Runner -->
