<?xml version="1.0" encoding="UTF-8"?>
<!-- Generated by org.testng.reporters.JUnitReportReporter -->
<testsuite hostname="Hendras-MacBook-Pro.local" failures="0" tests="1" name="selenium.AutomationTest.AppTest" time="0.004" errors="0" timestamp="2024-02-09T21:14:50 WIB" skipped="0">
  <testcase classname="selenium.AutomationTest.AppTest" name="shouldAnswerWithTrue" time="0.004"/>
</testsuite> <!-- selenium.AutomationTest.AppTest -->
