<?xml version="1.0" encoding="UTF-8"?>
<!-- Generated by org.testng.reporters.JUnitReportReporter -->
<testsuite hostname="Hendras-MacBook-Pro.local" failures="0" tests="1" name="selenium.AutomationTest.MakeAppointmentTest" time="9.369" errors="0" timestamp="2024-02-11T23:40:16 WIB" skipped="0">
  <testcase classname="selenium.AutomationTest.MakeAppointmentTest" name="inputValidAppointment" time="9.369"/>
</testsuite> <!-- selenium.AutomationTest.MakeAppointmentTest -->
