<?xml version="1.0" encoding="UTF-8"?>
<!-- Generated by org.testng.reporters.JUnitReportReporter -->
<testsuite hostname="Hendras-MacBook-Pro.local" failures="0" tests="2" name="selenium.AutomationTest.AutomationTest" time="11.905" errors="0" timestamp="2024-02-09T22:12:16 WIB" skipped="0">
  <testcase classname="selenium.AutomationTest.AutomationTest" name="invalidLogin" time="5.150"/>
  <testcase classname="selenium.AutomationTest.AutomationTest" name="Login" time="6.755"/>
</testsuite> <!-- selenium.AutomationTest.AutomationTest -->
